Analyze file build/affine_LPV_system_updateOutput.tiny_flat, writing results to stdout.
Input parsed.
AST typed.
delta2 = rand_real(-1., 1.);
delta1 = rand_real(-1., 1.);
d1 = rand_real(-0.3, 0.3);
d2 = rand_real(-0.0015, 0.0015);
x1 = rand_real(-2.7465, 2.7465);
x2 = rand_real(-1.5403, 1.5403);
x3 = rand_real(-14.1678, 14.1678);
x4 = rand_real(-41.8491, 41.8491);
y1 = rand_real(-9.2913, 9.2913);
y2 = rand_real(-67.4139, 67.4139);
__updateOutput_4 = x1;
__updateOutput_3 = x2;
__updateOutput_2 = x3;
__updateOutput_1 = x4;
y2 = ((((((((0. * __updateOutput_4) + ((0. - 30.) * __updateOutput_3))
           + ((delta2 * (0. - 6.)) * __updateOutput_3))
          + (0. * __updateOutput_2))
         + (0. * __updateOutput_1))
        + (30. * d1))
       + ((delta2 * 6.) * d1))
      + (0. * d2));
y1 = (((((((((0. - 3.) * __updateOutput_4)
            + ((delta1 * (0. - 0.6)) * __updateOutput_4))
           + (3. * __updateOutput_3))
          + ((delta1 * 0.6) * __updateOutput_3))
         + (0. * __updateOutput_2))
        + (0. * __updateOutput_1))
       + (0. * d1))
      + (0. * d2));
__updateOutput_4 = x1;
__updateOutput_3 = x2;
__updateOutput_2 = x3;
__updateOutput_1 = x4;
Analysis done.
delta2 = rand_real(-1., 1.);
/* {intervals_double_err delta2 : [-1., 1.] + ±1.110224E-16 } */
delta1 = rand_real(-1., 1.);
/* {intervals_double_err delta1 : [-1., 1.] + ±1.110224E-16,
     delta2 : [-1., 1.] + ±1.110224E-16 } */
d1 = rand_real(-0.3, 0.3);
/* {intervals_double_err
     d1 : [-0.299999999999, 0.300000000001] + ±3.330670E-17,
     delta1 : [-1., 1.] + ±1.110224E-16,
     delta2 : [-1., 1.] + ±1.110224E-16 } */
d2 = rand_real(-0.0015, 0.0015);
/* {intervals_double_err
     d1 : [-0.299999999999, 0.300000000001] + ±3.330670E-17,
     d2 : [-0.00149999999999, 0.00150000000001] + ±1.665335E-19,
     delta1 : [-1., 1.] + ±1.110224E-16,
     delta2 : [-1., 1.] + ±1.110224E-16 } */
x1 = rand_real(-2.7465, 2.7465);
/* {intervals_double_err
     d1 : [-0.299999999999, 0.300000000001] + ±3.330670E-17,
     d2 : [-0.00149999999999, 0.00150000000001] + ±1.665335E-19,
     delta1 : [-1., 1.] + ±1.110224E-16,
     delta2 : [-1., 1.] + ±1.110224E-16,
     x1 : [-2.74649999999, 2.74650000001] + ±3.049228E-16 } */
x2 = rand_real(-1.5403, 1.5403);
/* {intervals_double_err
     d1 : [-0.299999999999, 0.300000000001] + ±3.330670E-17,
     d2 : [-0.00149999999999, 0.00150000000001] + ±1.665335E-19,
     delta1 : [-1., 1.] + ±1.110224E-16,
     delta2 : [-1., 1.] + ±1.110224E-16,
     x1 : [-2.74649999999, 2.74650000001] + ±3.049228E-16,
     x2 : [-1.54029999999, 1.54030000001] + ±1.710077E-16 } */
x3 = rand_real(-14.1678, 14.1678);
/* {intervals_double_err
     d1 : [-0.299999999999, 0.300000000001] + ±3.330670E-17,
     d2 : [-0.00149999999999, 0.00150000000001] + ±1.665335E-19,
     delta1 : [-1., 1.] + ±1.110224E-16,
     delta2 : [-1., 1.] + ±1.110224E-16,
     x1 : [-2.74649999999, 2.74650000001] + ±3.049228E-16,
     x2 : [-1.54029999999, 1.54030000001] + ±1.710077E-16,
     x3 : [-14.1677999999, 14.1678000001] + ±1.572942E-15 } */
x4 = rand_real(-41.8491, 41.8491);
/* {intervals_double_err
     d1 : [-0.299999999999, 0.300000000001] + ±3.330670E-17,
     d2 : [-0.00149999999999, 0.00150000000001] + ±1.665335E-19,
     delta1 : [-1., 1.] + ±1.110224E-16,
     delta2 : [-1., 1.] + ±1.110224E-16,
     x1 : [-2.74649999999, 2.74650000001] + ±3.049228E-16,
     x2 : [-1.54029999999, 1.54030000001] + ±1.710077E-16,
     x3 : [-14.1677999999, 14.1678000001] + ±1.572942E-15,
     x4 : [-41.8490999999, 41.8491000001] + ±4.646184E-15 } */
y1 = rand_real(-9.2913, 9.2913);
/* {intervals_double_err
     d1 : [-0.299999999999, 0.300000000001] + ±3.330670E-17,
     d2 : [-0.00149999999999, 0.00150000000001] + ±1.665335E-19,
     delta1 : [-1., 1.] + ±1.110224E-16,
     delta2 : [-1., 1.] + ±1.110224E-16,
     x1 : [-2.74649999999, 2.74650000001] + ±3.049228E-16,
     x2 : [-1.54029999999, 1.54030000001] + ±1.710077E-16,
     x3 : [-14.1677999999, 14.1678000001] + ±1.572942E-15,
     x4 : [-41.8490999999, 41.8491000001] + ±4.646184E-15,
     y1 : [-9.29129999999, 9.29130000001] + ±1.031542E-15 } */
y2 = rand_real(-67.4139, 67.4139);
/* {intervals_double_err
     d1 : [-0.299999999999, 0.300000000001] + ±3.330670E-17,
     d2 : [-0.00149999999999, 0.00150000000001] + ±1.665335E-19,
     delta1 : [-1., 1.] + ±1.110224E-16,
     delta2 : [-1., 1.] + ±1.110224E-16,
     x1 : [-2.74649999999, 2.74650000001] + ±3.049228E-16,
     x2 : [-1.54029999999, 1.54030000001] + ±1.710077E-16,
     x3 : [-14.1677999999, 14.1678000001] + ±1.572942E-15,
     x4 : [-41.8490999999, 41.8491000001] + ±4.646184E-15,
     y1 : [-9.29129999999, 9.29130000001] + ±1.031542E-15,
     y2 : [-67.4138999999, 67.4139000001] + ±7.484447E-15 } */
__updateOutput_4 = x1;
/* {intervals_double_err
     __updateOutput_4 : [-2.74649999999, 2.74650000001] + ±3.049228E-16,
     d1 : [-0.299999999999, 0.300000000001] + ±3.330670E-17,
     d2 : [-0.00149999999999, 0.00150000000001] + ±1.665335E-19,
     delta1 : [-1., 1.] + ±1.110224E-16,
     delta2 : [-1., 1.] + ±1.110224E-16,
     x1 : [-2.74649999999, 2.74650000001] + ±3.049228E-16,
     x2 : [-1.54029999999, 1.54030000001] + ±1.710077E-16,
     x3 : [-14.1677999999, 14.1678000001] + ±1.572942E-15,
     x4 : [-41.8490999999, 41.8491000001] + ±4.646184E-15,
     y1 : [-9.29129999999, 9.29130000001] + ±1.031542E-15,
     y2 : [-67.4138999999, 67.4139000001] + ±7.484447E-15 } */
__updateOutput_3 = x2;
/* {intervals_double_err
     __updateOutput_3 : [-1.54029999999, 1.54030000001] + ±1.710077E-16,
     __updateOutput_4 : [-2.74649999999, 2.74650000001] + ±3.049228E-16,
     d1 : [-0.299999999999, 0.300000000001] + ±3.330670E-17,
     d2 : [-0.00149999999999, 0.00150000000001] + ±1.665335E-19,
     delta1 : [-1., 1.] + ±1.110224E-16,
     delta2 : [-1., 1.] + ±1.110224E-16,
     x1 : [-2.74649999999, 2.74650000001] + ±3.049228E-16,
     x2 : [-1.54029999999, 1.54030000001] + ±1.710077E-16,
     x3 : [-14.1677999999, 14.1678000001] + ±1.572942E-15,
     x4 : [-41.8490999999, 41.8491000001] + ±4.646184E-15,
     y1 : [-9.29129999999, 9.29130000001] + ±1.031542E-15,
     y2 : [-67.4138999999, 67.4139000001] + ±7.484447E-15 } */
__updateOutput_2 = x3;
/* {intervals_double_err
     __updateOutput_2 : [-14.1677999999, 14.1678000001] + ±1.572942E-15,
     __updateOutput_3 : [-1.54029999999, 1.54030000001] + ±1.710077E-16,
     __updateOutput_4 : [-2.74649999999, 2.74650000001] + ±3.049228E-16,
     d1 : [-0.299999999999, 0.300000000001] + ±3.330670E-17,
     d2 : [-0.00149999999999, 0.00150000000001] + ±1.665335E-19,
     delta1 : [-1., 1.] + ±1.110224E-16,
     delta2 : [-1., 1.] + ±1.110224E-16,
     x1 : [-2.74649999999, 2.74650000001] + ±3.049228E-16,
     x2 : [-1.54029999999, 1.54030000001] + ±1.710077E-16,
     x3 : [-14.1677999999, 14.1678000001] + ±1.572942E-15,
     x4 : [-41.8490999999, 41.8491000001] + ±4.646184E-15,
     y1 : [-9.29129999999, 9.29130000001] + ±1.031542E-15,
     y2 : [-67.4138999999, 67.4139000001] + ±7.484447E-15 } */
__updateOutput_1 = x4;
/* {intervals_double_err
     __updateOutput_1 : [-41.8490999999, 41.8491000001] + ±4.646184E-15,
     __updateOutput_2 : [-14.1677999999, 14.1678000001] + ±1.572942E-15,
     __updateOutput_3 : [-1.54029999999, 1.54030000001] + ±1.710077E-16,
     __updateOutput_4 : [-2.74649999999, 2.74650000001] + ±3.049228E-16,
     d1 : [-0.299999999999, 0.300000000001] + ±3.330670E-17,
     d2 : [-0.00149999999999, 0.00150000000001] + ±1.665335E-19,
     delta1 : [-1., 1.] + ±1.110224E-16,
     delta2 : [-1., 1.] + ±1.110224E-16,
     x1 : [-2.74649999999, 2.74650000001] + ±3.049228E-16,
     x2 : [-1.54029999999, 1.54030000001] + ±1.710077E-16,
     x3 : [-14.1677999999, 14.1678000001] + ±1.572942E-15,
     x4 : [-41.8490999999, 41.8491000001] + ±4.646184E-15,
     y1 : [-9.29129999999, 9.29130000001] + ±1.031542E-15,
     y2 : [-67.4138999999, 67.4139000001] + ±7.484447E-15 } */
y2 = ((((((((0. * __updateOutput_4) + ((0. - 30.) * __updateOutput_3))
           + ((delta2 * (0. - 6.)) * __updateOutput_3))
          + (0. * __updateOutput_2))
         + (0. * __updateOutput_1))
        + (30. * d1))
       + ((delta2 * 6.) * d1))
      + (0. * d2));
/* {intervals_double_err
     __updateOutput_1 : [-41.8490999999, 41.8491000001] + ±4.646184E-15,
     __updateOutput_2 : [-14.1677999999, 14.1678000001] + ±1.572942E-15,
     __updateOutput_3 : [-1.54029999999, 1.54030000001] + ±1.710077E-16,
     __updateOutput_4 : [-2.74649999999, 2.74650000001] + ±3.049228E-16,
     d1 : [-0.299999999999, 0.300000000001] + ±3.330670E-17,
     d2 : [-0.00149999999999, 0.00150000000001] + ±1.665335E-19,
     delta1 : [-1., 1.] + ±1.110224E-16,
     delta2 : [-1., 1.] + ±1.110224E-16,
     x1 : [-2.74649999999, 2.74650000001] + ±3.049228E-16,
     x2 : [-1.54029999999, 1.54030000001] + ±1.710077E-16,
     x3 : [-14.1677999999, 14.1678000001] + ±1.572942E-15,
     x4 : [-41.8490999999, 41.8491000001] + ±4.646184E-15,
     y1 : [-9.29129999999, 9.29130000001] + ±1.031542E-15,
     y2 : [-66.2507999999, 66.2508000001] + ±6.519571E-13 } */
y1 = (((((((((0. - 3.) * __updateOutput_4)
            + ((delta1 * (0. - 0.6)) * __updateOutput_4))
           + (3. * __updateOutput_3))
          + ((delta1 * 0.6) * __updateOutput_3))
         + (0. * __updateOutput_2))
        + (0. * __updateOutput_1))
       + (0. * d1))
      + (0. * d2));
/* {intervals_double_err
     __updateOutput_1 : [-41.8490999999, 41.8491000001] + ±4.646184E-15,
     __updateOutput_2 : [-14.1677999999, 14.1678000001] + ±1.572942E-15,
     __updateOutput_3 : [-1.54029999999, 1.54030000001] + ±1.710077E-16,
     __updateOutput_4 : [-2.74649999999, 2.74650000001] + ±3.049228E-16,
     d1 : [-0.299999999999, 0.300000000001] + ±3.330670E-17,
     d2 : [-0.00149999999999, 0.00150000000001] + ±1.665335E-19,
     delta1 : [-1., 1.] + ±1.110224E-16,
     delta2 : [-1., 1.] + ±1.110224E-16,
     x1 : [-2.74649999999, 2.74650000001] + ±3.049228E-16,
     x2 : [-1.54029999999, 1.54030000001] + ±1.710077E-16,
     x3 : [-14.1677999999, 14.1678000001] + ±1.572942E-15,
     x4 : [-41.8490999999, 41.8491000001] + ±4.646184E-15,
     y1 : [-15.4324799999, 15.4324800001] + ±2.352068E-13,
     y2 : [-66.2507999999, 66.2508000001] + ±6.519571E-13 } */
__updateOutput_4 = x1;
/* {intervals_double_err
     __updateOutput_1 : [-41.8490999999, 41.8491000001] + ±4.646184E-15,
     __updateOutput_2 : [-14.1677999999, 14.1678000001] + ±1.572942E-15,
     __updateOutput_3 : [-1.54029999999, 1.54030000001] + ±1.710077E-16,
     __updateOutput_4 : [-2.74649999999, 2.74650000001] + ±3.049228E-16,
     d1 : [-0.299999999999, 0.300000000001] + ±3.330670E-17,
     d2 : [-0.00149999999999, 0.00150000000001] + ±1.665335E-19,
     delta1 : [-1., 1.] + ±1.110224E-16,
     delta2 : [-1., 1.] + ±1.110224E-16,
     x1 : [-2.74649999999, 2.74650000001] + ±3.049228E-16,
     x2 : [-1.54029999999, 1.54030000001] + ±1.710077E-16,
     x3 : [-14.1677999999, 14.1678000001] + ±1.572942E-15,
     x4 : [-41.8490999999, 41.8491000001] + ±4.646184E-15,
     y1 : [-15.4324799999, 15.4324800001] + ±2.352068E-13,
     y2 : [-66.2507999999, 66.2508000001] + ±6.519571E-13 } */
__updateOutput_3 = x2;
/* {intervals_double_err
     __updateOutput_1 : [-41.8490999999, 41.8491000001] + ±4.646184E-15,
     __updateOutput_2 : [-14.1677999999, 14.1678000001] + ±1.572942E-15,
     __updateOutput_3 : [-1.54029999999, 1.54030000001] + ±1.710077E-16,
     __updateOutput_4 : [-2.74649999999, 2.74650000001] + ±3.049228E-16,
     d1 : [-0.299999999999, 0.300000000001] + ±3.330670E-17,
     d2 : [-0.00149999999999, 0.00150000000001] + ±1.665335E-19,
     delta1 : [-1., 1.] + ±1.110224E-16,
     delta2 : [-1., 1.] + ±1.110224E-16,
     x1 : [-2.74649999999, 2.74650000001] + ±3.049228E-16,
     x2 : [-1.54029999999, 1.54030000001] + ±1.710077E-16,
     x3 : [-14.1677999999, 14.1678000001] + ±1.572942E-15,
     x4 : [-41.8490999999, 41.8491000001] + ±4.646184E-15,
     y1 : [-15.4324799999, 15.4324800001] + ±2.352068E-13,
     y2 : [-66.2507999999, 66.2508000001] + ±6.519571E-13 } */
__updateOutput_2 = x3;
/* {intervals_double_err
     __updateOutput_1 : [-41.8490999999, 41.8491000001] + ±4.646184E-15,
     __updateOutput_2 : [-14.1677999999, 14.1678000001] + ±1.572942E-15,
     __updateOutput_3 : [-1.54029999999, 1.54030000001] + ±1.710077E-16,
     __updateOutput_4 : [-2.74649999999, 2.74650000001] + ±3.049228E-16,
     d1 : [-0.299999999999, 0.300000000001] + ±3.330670E-17,
     d2 : [-0.00149999999999, 0.00150000000001] + ±1.665335E-19,
     delta1 : [-1., 1.] + ±1.110224E-16,
     delta2 : [-1., 1.] + ±1.110224E-16,
     x1 : [-2.74649999999, 2.74650000001] + ±3.049228E-16,
     x2 : [-1.54029999999, 1.54030000001] + ±1.710077E-16,
     x3 : [-14.1677999999, 14.1678000001] + ±1.572942E-15,
     x4 : [-41.8490999999, 41.8491000001] + ±4.646184E-15,
     y1 : [-15.4324799999, 15.4324800001] + ±2.352068E-13,
     y2 : [-66.2507999999, 66.2508000001] + ±6.519571E-13 } */
__updateOutput_1 = x4;
/* {intervals_double_err
     __updateOutput_1 : [-41.8490999999, 41.8491000001] + ±4.646184E-15,
     __updateOutput_2 : [-14.1677999999, 14.1678000001] + ±1.572942E-15,
     __updateOutput_3 : [-1.54029999999, 1.54030000001] + ±1.710077E-16,
     __updateOutput_4 : [-2.74649999999, 2.74650000001] + ±3.049228E-16,
     d1 : [-0.299999999999, 0.300000000001] + ±3.330670E-17,
     d2 : [-0.00149999999999, 0.00150000000001] + ±1.665335E-19,
     delta1 : [-1., 1.] + ±1.110224E-16,
     delta2 : [-1., 1.] + ±1.110224E-16,
     x1 : [-2.74649999999, 2.74650000001] + ±3.049228E-16,
     x2 : [-1.54029999999, 1.54030000001] + ±1.710077E-16,
     x3 : [-14.1677999999, 14.1678000001] + ±1.572942E-15,
     x4 : [-41.8490999999, 41.8491000001] + ±4.646184E-15,
     y1 : [-15.4324799999, 15.4324800001] + ±2.352068E-13,
     y2 : [-66.2507999999, 66.2508000001] + ±6.519571E-13 } */
